<?xml version="1.0" encoding="utf-8"?><testsuites name="pytest tests"><testsuite name="pytest" errors="2" failures="0" skipped="0" tests="14" time="7.095" timestamp="2026-09-14T09:24:13.436418+00:00" hostname="agent-env-46146773-6133-4005-901c-e980d67c167b"><testcase classname="tests.test_admin_persistence" name="test_admin_seeded_in_mongo" time="0.001"><error message="failed on setup with &quot;pymongo.errors.InvalidURI: Invalid URI scheme: URI must begin with 'mongodb://' or 'mongodb+srv://'&quot;">backend/tests/test_admin_persistence.py:28: in db
    return MongoClient(env["MONGO_URL"])[env["DB_NAME"]]
           ^^^^^^^^^^^^^^^^^^^^^^^^^^^^^
/root/.venv/lib/python3.11/site-packages/pymongo/mongo_client.py:771: in __init__
    res = uri_parser.parse_uri(
/root/.venv/lib/python3.11/site-packages/pymongo/uri_parser.py:497: in parse_uri
    raise InvalidURI(f"Invalid URI scheme: URI must begin with '{SCHEME}' or '{SRV_SCHEME}'")
E   pymongo.errors.InvalidURI: Invalid URI scheme: URI must begin with 'mongodb://' or 'mongodb+srv://'</error></testcase><testcase classname="tests.test_admin_persistence" name="test_admin_login_success" time="0.522" /><testcase classname="tests.test_admin_persistence" name="test_admin_login_wrong_password" time="0.344" /><testcase classname="tests.test_admin_persistence" name="test_admin_me_with_token" time="0.117" /><testcase classname="tests.test_admin_persistence" name="test_admin_token_survives_backend_restart" time="3.591" /><testcase classname="tests.test_admin_persistence" name="test_auth_me_no_cookie_returns_401" time="0.117" /><testcase classname="tests.test_admin_persistence" name="test_admin_create_user" time="0.345" /><testcase classname="tests.test_admin_persistence" name="test_password_login_sets_cookie_and_me" time="0.433" /><testcase classname="tests.test_admin_persistence" name="test_password_login_wrong_password" time="0.355" /><testcase classname="tests.test_admin_persistence" name="test_admin_create_article" time="0.118" /><testcase classname="tests.test_admin_persistence" name="test_public_articles_includes_new_article" time="0.112" /><testcase classname="tests.test_admin_persistence" name="test_admin_update_article" time="0.117" /><testcase classname="tests.test_admin_persistence" name="test_admin_delete_article" time="0.232" /><testcase classname="tests.test_admin_persistence" name="test_cleanup_delete_test_user" time="0.000"><error message="failed on setup with &quot;pymongo.errors.InvalidURI: Invalid URI scheme: URI must begin with 'mongodb://' or 'mongodb+srv://'&quot;">backend/tests/test_admin_persistence.py:28: in db
    return MongoClient(env["MONGO_URL"])[env["DB_NAME"]]
           ^^^^^^^^^^^^^^^^^^^^^^^^^^^^^
/root/.venv/lib/python3.11/site-packages/pymongo/mongo_client.py:771: in __init__
    res = uri_parser.parse_uri(
/root/.venv/lib/python3.11/site-packages/pymongo/uri_parser.py:497: in parse_uri
    raise InvalidURI(f"Invalid URI scheme: URI must begin with '{SCHEME}' or '{SRV_SCHEME}'")
E   pymongo.errors.InvalidURI: Invalid URI scheme: URI must begin with 'mongodb://' or 'mongodb+srv://'</error></testcase></testsuite></testsuites>