<?xml version="1.0" encoding="utf-8"?><testsuites name="pytest tests"><testsuite name="pytest" errors="0" failures="0" skipped="0" tests="6" time="2.372" timestamp="2026-09-14T01:17:38.354690+00:00" hostname="agent-env-46146773-6133-4005-901c-e980d67c167b"><testcase classname="tests.test_submissions" name="test_create_submission_accepted[konsultasi]" time="0.417" /><testcase classname="tests.test_submissions" name="test_create_submission_accepted[karir]" time="0.173" /><testcase classname="tests.test_submissions" name="test_create_submission_accepted[kontak]" time="0.218" /><testcase classname="tests.test_submissions" name="test_create_submission_accepted[brosur]" time="0.218" /><testcase classname="tests.test_submissions" name="test_create_submission_rejects_unknown_type" time="0.187" /><testcase classname="tests.test_submissions" name="test_admin_list_konsultasi_contains_created" time="0.645" /></testsuite></testsuites>